<?xml version="1.0" encoding="UTF-8"?>
<!-- Generated by org.testng.reporters.JUnitReportReporter -->
<testsuite hostname="DESKTOP-L1SH7CM" failures="0" tests="3" name="test.test.basemain" time="44.254" errors="0" timestamp="2024-08-01T16:10:55 ICT" skipped="0">
  <testcase classname="test.test.basemain" name="historyOrder" time="6.831"/>
  <testcase classname="test.test.basemain" name="submitOrder" time="18.643"/>
  <testcase classname="test.test.basemain" name="submitOrder" time="18.780"/>
</testsuite> <!-- test.test.basemain -->
