<?xml version="1.0" encoding="UTF-8"?>
<!-- Generated by org.testng.reporters.JUnitReportReporter -->
<testsuite hostname="DESKTOP-L1SH7CM" failures="0" tests="1" name="cucumber.TestngTestRunner" time="20.605" errors="0" timestamp="2024-08-05T16:47:32 ICT" skipped="0">
  <testcase classname="cucumber.TestngTestRunner" name="runScenario" time="20.605"/>
</testsuite> <!-- cucumber.TestngTestRunner -->
