<?xml version="1.0" encoding="UTF-8"?>
<!-- Generated by org.testng.reporters.JUnitReportReporter -->
<testsuite hostname="DESKTOP-L1SH7CM" failures="0" tests="1" name="test.test.AppTest" time="0.007" errors="0" timestamp="2024-08-01T14:01:36 ICT" skipped="0">
  <testcase classname="test.test.AppTest" name="shouldAnswerWithTrue" time="0.007"/>
</testsuite> <!-- test.test.AppTest -->
