<?xml version="1.0" encoding="UTF-8"?>
<!-- Generated by org.testng.reporters.JUnitReportReporter -->
<testsuite hostname="DESKTOP-L1SH7CM" failures="0" tests="3" name="test.test.basemain" time="61.046" errors="0" timestamp="2024-08-05T17:34:23 ICT" skipped="0">
  <testcase classname="test.test.basemain" name="submitOrder" time="22.014"/>
  <testcase classname="test.test.basemain" name="historyOrder" time="7.050"/>
  <testcase classname="test.test.basemain" name="submitOrder" time="31.982"/>
</testsuite> <!-- test.test.basemain -->
