<?xml version="1.0" encoding="UTF-8"?>
<!-- Generated by org.testng.reporters.JUnitReportReporter -->
<testsuite hostname="DESKTOP-L1SH7CM" failures="0" tests="3" name="test.test.errorValidate" time="39.882" errors="0" timestamp="2024-08-05T17:34:23 ICT" skipped="1">
  <testcase classname="test.test.errorValidate" name="productValidation" time="28.845"/>
  <testcase classname="test.test.errorValidate" name="loginerrorValidation" time="6.022"/>
  <testcase classname="test.test.errorValidate" name="loginerrorValidation" time="5.015">
    <skipped/>
  </testcase> <!-- loginerrorValidation -->
</testsuite> <!-- test.test.errorValidate -->
